Logged in as Birthday-Bot #3785
jessica  chocolate - happy birthday
nic - dogs perros - happy birthday
nick  cats gatos - happy birthday
jessica  chocolate - happy birthday
nic - dogs perros - happy birthday
nick  cats gatos - happy birthday
Logged in as Birthday-Bot #3785
Logged in as Birthday-Bot #3785
Logged in as Birthday-Bot #3785
Logged in as Birthday-Bot #3785
Logged in as Birthday-Bot #3785
Logged in as Birthday-Bot #3785
Logged in as Birthday-Bot #3785
Logged in as Birthday-Bot #3785
Logged in as Birthday-Bot #3785
Logged in as Birthday-Bot #3785
Logged in as Birthday-Bot #3785
Logged in as Birthday-Bot #3785
Logged in as Birthday-Bot #3785
Logged in as Birthday-Bot #3785
Logged in as Birthday-Bot #3785
Logged in as Birthday-Bot #3785
Logged in as Birthday-Bot #3785
Logged in as Birthday-Bot #3785
Logged in as Birthday-Bot #3785
Logged in as Birthday-Bot #3785
Logged in as Birthday-Bot #3785
Logged in as Birthday-Bot #3785
nick  chocolate - happy birthday
Logged in as Birthday-Bot #3785
Logged in as Birthday-Bot #3785
Logged in as Birthday-Bot #3785
Logged in as Birthday-Bot #3785
Logged in as Birthday-Bot #3785
Logged in as Birthday-Bot #3785
Logged in as Birthday-Bot #3785
charlie   wishes & mensajes - happy birthday
Logged in as Birthday-Bot #3785
Logged in as Birthday-Bot #3785
Logged in as Birthday-Bot #3785
luigi   wishes & mensajes - happy birthday
ruj   flowers & flores - happy birthday
aubrey   wishes & mensajes - happy birthday
jui   animals & animales - happy birthday
kaylen   cakes pasteles - happy birthday
avery - dogs perros - happy birthday
george - dogs perros - happy birthday
aryaan   birthday postcards & postales
party   wishes mensajes
Logged in as Birthday-Bot #3785
Logged in as Birthday-Bot #3785
Logged in as Birthday-Bot #3785
Logged in as Birthday-Bot #3785
Logged in as Birthday-Bot #3785
Logged in as Birthday-Bot #3785
Logged in as Birthday-Bot #3785
Logged in as Birthday-Bot #3785
Logged in as Birthday-Bot #3785
Logged in as Birthday-Bot #3785
